This is pdfTeX, Version 3.14159265-2.6-1.40.15 (TeX Live 2014/MacPorts 2014_1) (preloaded format=pdflatex 2014.10.6)  6 OCT 2014 16:37
entering extended mode
 restricted \write18 enabled.
 %&-line parsing enabled.
**quit
(/opt/local/share/texmf-texlive/tex/latex/tools/q.tex
LaTeX2e <2014/05/01>
Babel <3.9k> and hyphenation patterns for 43 languages loaded.
File ignored
)
! Emergency stop.
<*> quit
        
*** (job aborted, no legal \end found)

 
Here is how much of TeX's memory you used:
 7 strings out of 494213
 262 string characters out of 6157463
 48530 words of memory out of 5000000
 3399 multiletter control sequences out of 15000+600000
 3640 words of font info for 14 fonts, out of 8000000 for 9000
 430 hyphenation exceptions out of 8191
 5i,0n,1p,84b,8s stack positions out of 5000i,500n,10000p,200000b,80000s
!  ==> Fatal error occurred, no output PDF file produced!
